2023-10-02 15:37:11.395 [info] Log level: Info
2023-10-02 15:37:11.395 [info] Validating found git in: "git"
2023-10-02 15:37:11.395 [info] Using git "2.42.0" from "git"
2023-10-02 15:37:11.395 [info] > git rev-parse --show-toplevel [2ms]
2023-10-02 15:37:11.395 [info] fatal: not a git repository (or any of the parent directories): .git
2023-10-02 15:37:11.395 [info] > git rev-parse --show-toplevel [1ms]
2023-10-02 15:37:11.395 [info] fatal: not a git repository (or any of the parent directories): .git
2023-10-02 15:37:11.396 [info] > git rev-parse --show-toplevel [1ms]
2023-10-02 15:37:11.396 [info] fatal: not a git repository (or any of the parent directories): .git
2023-10-02 15:37:11.401 [info] > git rev-parse --show-toplevel [2ms]
2023-10-02 15:37:11.401 [info] fatal: not a git repository (or any of the parent directories): .git
2023-10-02 15:37:11.459 [info] > git rev-parse --show-toplevel [1ms]
2023-10-02 15:37:11.459 [info] fatal: not a git repository (or any of the parent directories): .git
2023-10-02 15:37:11.489 [info] > git rev-parse --show-toplevel [1ms]
2023-10-02 15:37:11.489 [info] fatal: not a git repository (or any of the parent directories): .git
2023-10-02 15:37:11.546 [info] > git rev-parse --show-toplevel [1ms]
2023-10-02 15:37:11.546 [info] fatal: not a git repository (or any of the parent directories): .git
2023-10-02 15:37:11.580 [info] > git rev-parse --show-toplevel [1ms]
2023-10-02 15:37:11.580 [info] fatal: not a git repository (or any of the parent directories): .git
2023-10-02 15:37:11.724 [info] > git rev-parse --show-toplevel [1ms]
2023-10-02 15:37:11.724 [info] fatal: not a git repository (or any of the parent directories): .git
