2023-10-02 10:26:56.180 [info] Log level: Info
2023-10-02 10:26:56.180 [info] Validating found git in: "git"
2023-10-02 10:26:56.180 [info] Using git "2.42.0" from "git"
2023-10-02 10:26:56.180 [info] > git rev-parse --show-toplevel [2ms]
2023-10-02 10:26:56.180 [info] fatal: not a git repository (or any of the parent directories): .git
2023-10-02 10:26:56.180 [info] > git rev-parse --show-toplevel [8ms]
2023-10-02 10:26:56.180 [info] fatal: not a git repository (or any of the parent directories): .git
2023-10-02 10:26:56.181 [info] > git rev-parse --show-toplevel [4ms]
2023-10-02 10:26:56.181 [info] fatal: not a git repository (or any of the parent directories): .git
2023-10-02 10:26:56.190 [info] > git rev-parse --show-toplevel [1ms]
2023-10-02 10:26:56.190 [info] fatal: not a git repository (or any of the parent directories): .git
2023-10-02 10:26:56.255 [info] > git rev-parse --show-toplevel [1ms]
2023-10-02 10:26:56.255 [info] fatal: not a git repository (or any of the parent directories): .git
2023-10-02 10:26:56.273 [info] > git rev-parse --show-toplevel [0ms]
2023-10-02 10:26:56.273 [info] fatal: not a git repository (or any of the parent directories): .git
2023-10-02 10:26:56.305 [info] > git rev-parse --show-toplevel [1ms]
2023-10-02 10:26:56.305 [info] fatal: not a git repository (or any of the parent directories): .git
2023-10-02 10:26:56.325 [info] > git rev-parse --show-toplevel [1ms]
2023-10-02 10:26:56.325 [info] fatal: not a git repository (or any of the parent directories): .git
2023-10-02 10:26:56.463 [info] > git rev-parse --show-toplevel [1ms]
2023-10-02 10:26:56.463 [info] fatal: not a git repository (or any of the parent directories): .git
