2023-10-02 10:15:03.062 [info] Log level: Info
2023-10-02 10:15:03.062 [info] Validating found git in: "git"
2023-10-02 10:15:03.062 [info] Using git "2.42.0" from "git"
2023-10-02 10:15:03.062 [info] > git rev-parse --show-toplevel [2ms]
2023-10-02 10:15:03.062 [info] fatal: not a git repository (or any of the parent directories): .git
2023-10-02 10:15:03.062 [info] > git rev-parse --show-toplevel [8ms]
2023-10-02 10:15:03.062 [info] fatal: not a git repository (or any of the parent directories): .git
2023-10-02 10:15:03.062 [info] > git rev-parse --show-toplevel [1ms]
2023-10-02 10:15:03.062 [info] fatal: not a git repository (or any of the parent directories): .git
2023-10-02 10:15:03.065 [info] > git rev-parse --show-toplevel [1ms]
2023-10-02 10:15:03.065 [info] fatal: not a git repository (or any of the parent directories): .git
2023-10-02 10:15:03.105 [info] > git rev-parse --show-toplevel [1ms]
2023-10-02 10:15:03.105 [info] fatal: not a git repository (or any of the parent directories): .git
2023-10-02 10:15:03.156 [info] > git rev-parse --show-toplevel [1ms]
2023-10-02 10:15:03.156 [info] fatal: not a git repository (or any of the parent directories): .git
2023-10-02 10:15:03.172 [info] > git rev-parse --show-toplevel [1ms]
2023-10-02 10:15:03.172 [info] fatal: not a git repository (or any of the parent directories): .git
2023-10-02 10:15:03.205 [info] > git rev-parse --show-toplevel [1ms]
2023-10-02 10:15:03.205 [info] fatal: not a git repository (or any of the parent directories): .git
2023-10-02 10:15:03.354 [info] > git rev-parse --show-toplevel [1ms]
2023-10-02 10:15:03.354 [info] fatal: not a git repository (or any of the parent directories): .git
