2024-04-24 00:19:24.152 [info] Log level: Info
2024-04-24 00:19:24.152 [info] Validating found git in: "git"
2024-04-24 00:19:24.152 [info] Using git "2.42.0" from "git"
2024-04-24 00:19:24.152 [info] > git rev-parse --show-toplevel [2ms]
2024-04-24 00:19:32.350 [info] Log level: Info
2024-04-24 00:19:32.350 [info] Validating found git in: "git"
2024-04-24 00:19:32.350 [info] Using git "2.42.0" from "git"
2024-04-24 00:19:32.350 [info] > git rev-parse --show-toplevel [7ms]
2024-04-24 00:19:43.032 [info] Log level: Info
2024-04-24 00:19:43.032 [info] Validating found git in: "git"
2024-04-24 00:19:43.032 [info] Using git "2.42.0" from "git"
2024-04-24 00:19:43.032 [info] > git rev-parse --show-toplevel [1ms]
2024-04-24 00:19:43.039 [info] > git rev-parse --git-dir --git-common-dir [0ms]
2024-04-24 00:19:43.045 [info] Open repository: /home/axz/.config
2024-04-24 00:19:43.056 [info] > git rev-parse --show-toplevel [1ms]
2024-04-24 00:19:43.056 [info] > git config --get commit.template [4ms]
2024-04-24 00:19:43.065 [info] No remotes found in the git config file.
2024-04-24 00:19:43.066 [info] > git rev-parse --show-toplevel [6ms]
2024-04-24 00:19:43.074 [info] > git for-each-ref --format=%(refname)%00%(upstream:short)%00%(objectname)%00%(upstream:track)%00%(upstream:remotename)%00%(upstream:remoteref) refs/heads/master refs/remotes/master [9ms]
2024-04-24 00:19:43.084 [info] > git rev-parse --show-toplevel [10ms]
2024-04-24 00:19:43.092 [info] > git rev-parse --show-toplevel [1ms]
2024-04-24 00:19:43.096 [info] > git rev-parse --show-toplevel [1ms]
2024-04-24 00:19:43.103 [info] > git rev-parse --show-toplevel [0ms]
2024-04-24 00:19:43.110 [info] > git status -z -uall [32ms]
2024-04-24 00:19:43.110 [info] > git rev-parse --show-toplevel [4ms]
2024-04-24 00:19:43.445 [info] > git rev-parse --show-toplevel [330ms]
2024-04-24 00:19:43.459 [info] > git config --get commit.template [13ms]
2024-04-24 00:19:43.459 [info] > git rev-parse --show-toplevel [1ms]
2024-04-24 00:19:43.464 [info] No remotes found in the git config file.
2024-04-24 00:19:43.468 [info] > git for-each-ref --format=%(refname)%00%(upstream:short)%00%(objectname)%00%(upstream:track)%00%(upstream:remotename)%00%(upstream:remoteref) refs/heads/master refs/remotes/master [4ms]
2024-04-24 00:19:43.472 [info] > git rev-parse --show-toplevel [4ms]
2024-04-24 00:19:43.477 [info] > git rev-parse --show-toplevel [0ms]
2024-04-24 00:19:43.482 [info] > git rev-parse --show-toplevel [2ms]
2024-04-24 00:19:43.487 [info] > git status -z -uall [15ms]
2024-04-24 00:19:43.487 [info] > git rev-parse --show-toplevel [1ms]
2024-04-24 00:19:43.540 [info] > git rev-parse --show-toplevel [3ms]
2024-04-24 00:19:43.546 [info] > git rev-parse --show-toplevel [1ms]
2024-04-24 00:19:43.552 [info] > git rev-parse --show-toplevel [1ms]
2024-04-24 00:19:43.557 [info] > git rev-parse --show-toplevel [1ms]
2024-04-24 00:19:43.561 [info] > git rev-parse --show-toplevel [1ms]
2024-04-24 00:19:43.565 [info] > git rev-parse --show-toplevel [0ms]
2024-04-24 00:19:43.571 [info] > git rev-parse --show-toplevel [1ms]
2024-04-24 00:19:43.575 [info] > git rev-parse --show-toplevel [0ms]
2024-04-24 00:19:43.580 [info] > git rev-parse --show-toplevel [1ms]
2024-04-24 00:19:43.590 [info] > git check-ignore -v -z --stdin [1ms]
2024-04-24 00:19:43.590 [info] > git rev-parse --show-toplevel [5ms]
2024-04-24 00:19:43.594 [info] > git rev-parse --show-toplevel [1ms]
2024-04-24 00:19:43.598 [info] > git rev-parse --show-toplevel [1ms]
2024-04-24 00:19:43.893 [info] > git rev-parse --show-toplevel [292ms]
2024-04-24 00:19:43.901 [info] > git rev-parse --show-toplevel [1ms]
2024-04-24 00:19:43.907 [info] > git rev-parse --show-toplevel [1ms]
2024-04-24 00:19:43.917 [info] > git show --textconv :hypr/hyprland.conf [6ms]
2024-04-24 00:19:43.917 [info] > git ls-files --stage -- /home/axz/.config/hypr/hyprland.conf [1ms]
2024-04-24 00:19:46.495 [info] > git check-ignore -v -z --stdin [2ms]
2024-04-24 00:19:47.479 [info] No remotes found in the git config file.
2024-04-24 00:19:47.480 [info] > git config --get commit.template [8ms]
2024-04-24 00:19:47.481 [info] > git for-each-ref --format=%(refname)%00%(upstream:short)%00%(objectname)%00%(upstream:track)%00%(upstream:remotename)%00%(upstream:remoteref) refs/heads/master refs/remotes/master [2ms]
2024-04-24 00:19:47.499 [info] > git status -z -uall [12ms]
2024-04-24 00:19:48.382 [info] > git check-ignore -v -z --stdin [1ms]
2024-04-24 00:19:52.549 [info] > git config --get commit.template [1ms]
2024-04-24 00:19:52.549 [info] No remotes found in the git config file.
2024-04-24 00:19:52.555 [info] > git for-each-ref --format=%(refname)%00%(upstream:short)%00%(objectname)%00%(upstream:track)%00%(upstream:remotename)%00%(upstream:remoteref) refs/heads/master refs/remotes/master [1ms]
2024-04-24 00:19:52.570 [info] > git status -z -uall [10ms]
2024-04-24 00:19:57.634 [info] > git config --get commit.template [1ms]
2024-04-24 00:19:57.644 [info] No remotes found in the git config file.
2024-04-24 00:19:57.648 [info] > git for-each-ref --format=%(refname)%00%(upstream:short)%00%(objectname)%00%(upstream:track)%00%(upstream:remotename)%00%(upstream:remoteref) refs/heads/master refs/remotes/master [5ms]
2024-04-24 00:19:57.664 [info] > git status -z -uall [11ms]
2024-04-24 00:20:12.162 [info] > git add -A -- . [8469ms]
2024-04-24 00:20:12.211 [info] > git -c user.useConfigOnly=true commit --quiet --allow-empty-message --file - [43ms]
2024-04-24 00:20:12.211 [info] Author identity unknown

*** Please tell me who you are.

Run

  git config --global user.email "you@example.com"
  git config --global user.name "Your Name"

to set your account's default identity.
Omit --global to set the identity only in this repository.

fatal: no email was given and auto-detection is disabled
2024-04-24 00:20:12.216 [info] > git config --get-all user.name [1ms]
2024-04-24 00:20:12.221 [info] > git config --get commit.template [1ms]
2024-04-24 00:20:12.226 [info] No remotes found in the git config file.
2024-04-24 00:20:12.226 [info] > git for-each-ref --format=%(refname)%00%(upstream:short)%00%(objectname)%00%(upstream:track)%00%(upstream:remotename)%00%(upstream:remoteref) refs/heads/master refs/remotes/master [0ms]
2024-04-24 00:20:12.247 [info] > git status -z -uall [18ms]
2024-04-24 00:20:12.311 [info] > git config --get commit.template [0ms]
2024-04-24 00:20:12.316 [info] No remotes found in the git config file.
2024-04-24 00:20:12.317 [info] > git for-each-ref --format=%(refname)%00%(upstream:short)%00%(objectname)%00%(upstream:track)%00%(upstream:remotename)%00%(upstream:remoteref) refs/heads/master refs/remotes/master [1ms]
2024-04-24 00:20:12.340 [info] > git status -z -uall [18ms]
2024-04-24 00:20:54.871 [info] > git config --get commit.template [1ms]
2024-04-24 00:20:54.871 [info] No remotes found in the git config file.
2024-04-24 00:20:54.874 [info] > git for-each-ref --format=%(refname)%00%(upstream:short)%00%(objectname)%00%(upstream:track)%00%(upstream:remotename)%00%(upstream:remoteref) refs/heads/master refs/remotes/master [0ms]
2024-04-24 00:20:54.897 [info] > git status -z -uall [19ms]
2024-04-24 00:21:09.978 [info] > git config --get commit.template [1ms]
2024-04-24 00:21:09.987 [info] No remotes found in the git config file.
2024-04-24 00:21:09.987 [info] > git for-each-ref --format=%(refname)%00%(upstream:short)%00%(objectname)%00%(upstream:track)%00%(upstream:remotename)%00%(upstream:remoteref) refs/heads/master refs/remotes/master [1ms]
2024-04-24 00:21:10.012 [info] > git status -z -uall [21ms]
2024-04-24 00:21:49.822 [info] > git config --get commit.template [1ms]
2024-04-24 00:21:49.823 [info] No remotes found in the git config file.
2024-04-24 00:21:49.828 [info] > git for-each-ref --format=%(refname)%00%(upstream:short)%00%(objectname)%00%(upstream:track)%00%(upstream:remotename)%00%(upstream:remoteref) refs/heads/master refs/remotes/master [1ms]
2024-04-24 00:21:49.883 [info] > git status -z -uall [50ms]
2024-04-24 00:21:51.806 [info] > git -c user.useConfigOnly=true commit --quiet --allow-empty-message --file - [46ms]
2024-04-24 00:21:51.810 [info] > git config --get commit.template [0ms]
2024-04-24 00:21:51.814 [info] > git config --get commit.template [0ms]
2024-04-24 00:21:51.815 [info] No remotes found in the git config file.
2024-04-24 00:21:51.818 [info] > git for-each-ref --format=%(refname)%00%(upstream:short)%00%(objectname)%00%(upstream:track)%00%(upstream:remotename)%00%(upstream:remoteref) refs/heads/master refs/remotes/master [0ms]
2024-04-24 00:21:51.866 [info] > git status -z -uall [45ms]
2024-04-24 00:21:52.234 [info] > git config --get commit.template [1ms]
2024-04-24 00:21:52.238 [info] No remotes found in the git config file.
2024-04-24 00:21:52.239 [info] > git for-each-ref --format=%(refname)%00%(upstream:short)%00%(objectname)%00%(upstream:track)%00%(upstream:remotename)%00%(upstream:remoteref) refs/heads/master refs/remotes/master [1ms]
2024-04-24 00:21:52.295 [info] > git status -z -uall [52ms]
2024-04-24 00:21:52.790 [info] > git check-ignore -v -z --stdin [4ms]
2024-04-24 00:21:54.961 [info] > git config --get commit.template [1ms]
2024-04-24 00:21:54.970 [info] No remotes found in the git config file.
2024-04-24 00:21:54.971 [info] > git for-each-ref --format=%(refname)%00%(upstream:short)%00%(objectname)%00%(upstream:track)%00%(upstream:remotename)%00%(upstream:remoteref) refs/heads/master refs/remotes/master [1ms]
2024-04-24 00:21:55.032 [info] > git status -z -uall [54ms]
2024-04-24 00:21:57.477 [info] > git check-ignore -v -z --stdin [6ms]
2024-04-24 00:22:00.050 [info] No remotes found in the git config file.
2024-04-24 00:22:00.051 [info] > git config --get commit.template [6ms]
2024-04-24 00:22:00.051 [info] > git for-each-ref --format=%(refname)%00%(upstream:short)%00%(objectname)%00%(upstream:track)%00%(upstream:remotename)%00%(upstream:remoteref) refs/heads/master refs/remotes/master [1ms]
2024-04-24 00:22:00.105 [info] > git status -z -uall [47ms]
2024-04-24 00:22:44.357 [info] > git config --get commit.template [1ms]
2024-04-24 00:22:44.361 [info] No remotes found in the git config file.
2024-04-24 00:22:44.362 [info] > git for-each-ref --format=%(refname)%00%(upstream:short)%00%(objectname)%00%(upstream:track)%00%(upstream:remotename)%00%(upstream:remoteref) refs/heads/master refs/remotes/master [1ms]
2024-04-24 00:22:44.449 [info] > git status -z -uall [84ms]
2024-04-24 00:22:45.094 [info] > git check-ignore -v -z --stdin [4ms]
2024-04-24 00:22:49.464 [info] > git config --get commit.template [1ms]
2024-04-24 00:22:49.471 [info] No remotes found in the git config file.
2024-04-24 00:22:49.473 [info] > git for-each-ref --format=%(refname)%00%(upstream:short)%00%(objectname)%00%(upstream:track)%00%(upstream:remotename)%00%(upstream:remoteref) refs/heads/master refs/remotes/master [2ms]
2024-04-24 00:22:49.566 [info] > git status -z -uall [87ms]
2024-04-24 00:22:55.397 [info] > git config --get commit.template [1ms]
2024-04-24 00:22:55.397 [info] No remotes found in the git config file.
2024-04-24 00:22:55.402 [info] > git for-each-ref --format=%(refname)%00%(upstream:short)%00%(objectname)%00%(upstream:track)%00%(upstream:remotename)%00%(upstream:remoteref) refs/heads/master refs/remotes/master [1ms]
2024-04-24 00:22:55.485 [info] > git status -z -uall [80ms]
2024-04-24 00:23:09.256 [info] > git config --get commit.template [1ms]
2024-04-24 00:23:09.256 [info] No remotes found in the git config file.
2024-04-24 00:23:09.263 [info] > git for-each-ref --format=%(refname)%00%(upstream:short)%00%(objectname)%00%(upstream:track)%00%(upstream:remotename)%00%(upstream:remoteref) refs/heads/master refs/remotes/master [1ms]
2024-04-24 00:23:09.340 [info] > git status -z -uall [72ms]
2024-04-24 00:23:09.978 [info] > git check-ignore -v -z --stdin [2ms]
2024-04-24 00:23:13.300 [info] > git remote add dotfiles https://github.com/boileroom/dotfiles.git [8ms]
2024-04-24 00:23:13.309 [info] > git config --get commit.template [0ms]
2024-04-24 00:23:13.316 [info] > git for-each-ref --format=%(refname)%00%(upstream:short)%00%(objectname)%00%(upstream:track)%00%(upstream:remotename)%00%(upstream:remoteref) refs/heads/master refs/remotes/master [1ms]
2024-04-24 00:23:13.397 [info] > git status -z -uall [75ms]
2024-04-24 00:23:13.695 [info] > git fetch dotfiles [291ms]
2024-04-24 00:23:13.722 [info] > git config --get commit.template [12ms]
2024-04-24 00:23:13.722 [info] > git for-each-ref --format=%(refname)%00%(upstream:short)%00%(objectname)%00%(upstream:track)%00%(upstream:remotename)%00%(upstream:remoteref) refs/heads/master refs/remotes/master [1ms]
2024-04-24 00:23:13.803 [info] > git status -z -uall [74ms]
2024-04-24 00:23:14.358 [info] > git config --get commit.template [6ms]
2024-04-24 00:23:14.359 [info] > git for-each-ref --format=%(refname)%00%(upstream:short)%00%(objectname)%00%(upstream:track)%00%(upstream:remotename)%00%(upstream:remoteref) refs/heads/master refs/remotes/master [1ms]
2024-04-24 00:23:14.446 [info] > git status -z -uall [83ms]
