2024-04-24 00:19:23.568 [info] Added views:workbench.panel.markers.view in workbench.panel.markers
2024-04-24 00:19:23.568 [info] Added views:workbench.panel.output in workbench.panel.output
2024-04-24 00:19:23.568 [info] Added views:terminal in terminal
2024-04-24 00:19:23.568 [info] Added views:outline in workbench.view.explorer
2024-04-24 00:19:23.568 [info] Added views:workbench.scm in workbench.view.scm
2024-04-24 00:19:23.568 [info] Added views:workbench.view.search in workbench.view.search
2024-04-24 00:19:23.568 [info] Added views:timeline in workbench.view.explorer
2024-04-24 00:19:23.568 [info] Added views:workbench.explorer.emptyView in workbench.view.explorer
2024-04-24 00:19:23.756 [info] Added views:workbench.debug.welcome in workbench.view.debug
2024-04-24 00:19:24.051 [info] Added views:workbench.panel.repl.view in workbench.panel.repl
2024-04-24 00:19:24.242 [info] Added views:~remote.forwardedPorts in ~remote.forwardedPortsContainer
2024-04-24 00:19:31.973 [info] Added views:workbench.panel.markers.view in workbench.panel.markers
2024-04-24 00:19:31.973 [info] Added views:workbench.panel.output in workbench.panel.output
2024-04-24 00:19:31.973 [info] Added views:terminal in terminal
2024-04-24 00:19:31.973 [info] Added views:outline in workbench.view.explorer
2024-04-24 00:19:31.973 [info] Added views:workbench.scm in workbench.view.scm
2024-04-24 00:19:31.973 [info] Added views:workbench.view.search in workbench.view.search
2024-04-24 00:19:31.973 [info] Added views:timeline in workbench.view.explorer
2024-04-24 00:19:31.973 [info] Added views:workbench.explorer.fileView in workbench.view.explorer
2024-04-24 00:19:32.165 [info] Added views:workbench.debug.variablesView,workbench.debug.watchExpressionsView,workbench.debug.callStackView,workbench.debug.breakPointsView in workbench.view.debug
2024-04-24 00:19:32.194 [info] Added views:~remote.forwardedPorts in ~remote.forwardedPortsContainer
2024-04-24 00:19:32.273 [info] Added views:workbench.panel.repl.view in workbench.panel.repl
2024-04-24 00:19:32.274 [info] Removed views:workbench.debug.breakPointsView,workbench.debug.callStackView,workbench.debug.watchExpressionsView,workbench.debug.variablesView from workbench.view.debug
2024-04-24 00:19:32.275 [info] Added views:workbench.debug.welcome in workbench.view.debug
2024-04-24 00:19:42.554 [info] Added views:workbench.panel.markers.view in workbench.panel.markers
2024-04-24 00:19:42.554 [info] Added views:workbench.panel.output in workbench.panel.output
2024-04-24 00:19:42.554 [info] Added views:terminal in terminal
2024-04-24 00:19:42.554 [info] Added views:outline in workbench.view.explorer
2024-04-24 00:19:42.554 [info] Added views:workbench.scm in workbench.view.scm
2024-04-24 00:19:42.554 [info] Added views:workbench.view.search in workbench.view.search
2024-04-24 00:19:42.554 [info] Added views:timeline in workbench.view.explorer
2024-04-24 00:19:42.554 [info] Added views:workbench.explorer.fileView in workbench.view.explorer
2024-04-24 00:19:42.636 [info] Added views:workbench.debug.welcome in workbench.view.debug
2024-04-24 00:19:42.880 [info] Added views:~remote.forwardedPorts in ~remote.forwardedPortsContainer
2024-04-24 00:19:42.945 [info] Added views:workbench.panel.repl.view in workbench.panel.repl
